Q: why is the hydraulic pressure spiking?
A: - Likely Cause: Worn valve seal or blocked filter causing Hydraulic Pressure Spike (E204) - High Confidence
- Recommended Action: Inspect the hydraulic system's valve seals for wear and replace if necessary. Check the filters within the hydraulic circuit to ensure no debris is present that could cause blockages, leading to pressure spikes.
---
Q: why is the engine overheating?
A: **Likely Cause: Engine Overheating - High Confidence for Blocked Radiator due to Sensor Log Data Trend**  
The sensor log shows a steady increase in temperature from 75°C at the first timestamp (02:12 UTC on July 3rd, 2026) to over 78°C by two minutes later. This consistent rise suggests that coolant is not effectively dissipating heat away from the engine core, which commonly points towards a blocked radiator or insufficient coolant level as possible causes of an engine's overheating condition in heavy machinery diagnostics when no other fault codes are present to indicate otherwise.

**Recommended Action: Check Radiator and Coolant Level - Immediate Actions Required for Potential Engine Damage Prevention**  
Given the high confidence of a blocked radiator being responsible based on observed data, urgent inspection by personnel is advised to investigate this condition further. Simultaneously, it would also be prudent to inspect and replace coolant if necessary since degraded fluid could exacerbate overheating problems even in the presence of an unobstructed radiator system.
---
Q: why is the brake pressure dropping?
A: Cause: Air in brake lines
Confidence: High
Recommended Action: Bleed brake lines to remove air as per FAULT CODE E415 instructions.

Please note that this response assumes the most recent sensor log provided does not indicate any fault, and since there's no specific timestamp of when Fault Code E415 was triggered in your vehicle history, we cannot rule out other causes with certainty without further diagnostics or information regarding past repairs/mainten0. However, based on typical symptoms for brake pressure dropping (which often include a spongy feeling to the pedal and decreased stopping power) that can be associated with air in the system when there's no recent history of work done on it reported here—the above cause has been deduced as likely. The recommended action aligns accordingly, but I would still advise checking for other potential causes like worn brake pads or hydraulic fluid leaks to ensure comprehensive troubleshooting.
---
Q: why engine get heated so quickly
A: Likely Cause: The vibration levels spike significantly in the sensor log within just two minutes of operation starting which is an unusual behavior that could indicate engine-related issues leading to overheating if not addressed promptly. Considering this abrupt change, it suggests a mechanical failure rather than normal operational variances or environmental factors affecting temperature readings.

Confidence: High - The rapid increase in vibration coupled with an elevated pressure reading shortly after startup indicates that the machine is experiencing mechanical stress which could result in overheating if not corrected immediately. 

Recommended Action: Inspect bearings for wear and check gearbox alignment to ensure smooth operation, as per FAULT CODE E301's action steps related to vibration anomalies due to bearing issues or misalignment which can lead to overheating if the internal components of the engine are affected.
---
Q: why is machine stoping at middle only
A: Fault Code E522 - Excessive fuel consumption seems to be the most relevant based on your question about sudden stops which often indicate issues related to performance that could lead to such behavior. The recent sensor log shows increasing pressure, temperature (which is already higher than normal), and vibration—these are signs of potential engine distress which can result in unexpected stopping if not addressed promptly.

Confidence: High - Based on the provided fault codes manual/logs there's a strong indication that this could be due to mechanical or sensor-related issues, both commonly leading to performance concerns like sudden stops. E522 directly relates to fuel efficiency and engine health which are critical when considering machinery stopping unexpectedly.

Recommended Action: The high confidence in the Excessive Fuel Consumption code suggests immediate inspection is needed. Start by replacing the air filter (as it's a common cause for such issues). Inspecting fuel injectors should be conducted simultaneously, as they are essential to maintain engine performance and efficiency. If these steps do not resolve or improve stopping behavior, further investigation into potential electrical system faults related to codes E610 could also become necessary, especially if an alternator issue might lead to such symptoms due to power supply problems for the vehicle's systems during operation.
---
